==========================================
SLURM_JOB_ID = 14927603
SLURM_NODELIST = c10-68
==========================================
Module slurm/16.05.8 loaded 
Module openmpi/2.0.1 loaded 
21
GB SP
/home/eoziolor/fgran/data/fst/GB.SP.wcfst.bgz
/home/eoziolor/fgran/data/fst/GB.SP.pfst.bgz
29,30,31,32,33,34,35,36,37,38,39,40,41,42,43,44,45,46,47,48,49,50,51,52,53,54,55,56,57,58,59,60,61,62,63,64,65,66,67,68,69,70,71,72,73,74,75,76
5,6,7,8,9,10,11,12,13,14,15,16,17,18,19,20,21,22,23,24,25,26,27,28,168,169,170,171,172,173,174,175,176,177,178,179,180,181,182,183,184,185,186,187,188,189,190,191
GB.SP.wcfst.bgz
GB.SP.pfst.bgz
INFO: there are 48 individuals in the target
INFO: target ids: 29,30,31,32,33,34,35,36,37,38,39,40,41,42,43,44,45,46,47,48,49,50,51,52,53,54,55,56,57,58,59,60,61,62,63,64,65,66,67,68,69,70,71,72,73,74,75,76
INFO: there are 48 individuals in the background
INFO: background ids: 5,6,7,8,9,10,11,12,13,14,15,16,17,18,19,20,21,22,23,24,25,26,27,28,168,169,170,171,172,173,174,175,176,177,178,179,180,181,182,183,184,185,186,187,188,189,190,191
INFO: file: /home/eoziolor/fgran/data/varcall/filtered_fgfh.vcf.bgz
INFO: setting genotype likelihood format to: GL
INFO: There are 48 individuals in the target
INFO: target ids: 29,30,31,32,33,34,35,36,37,38,39,40,41,42,43,44,45,46,47,48,49,50,51,52,53,54,55,56,57,58,59,60,61,62,63,64,65,66,67,68,69,70,71,72,73,74,75,76
INFO: There are 48 individuals in the background
INFO: background ids: 5,6,7,8,9,10,11,12,13,14,15,16,17,18,19,20,21,22,23,24,25,26,27,28,168,169,170,171,172,173,174,175,176,177,178,179,180,181,182,183,184,185,186,187,188,189,190,191
INFO: File: /home/eoziolor/fgran/data/varcall/filtered_fgfh.vcf.bgz
INFO: genotype likelihoods set to: GL
