
@----------------------------------------------------------@
|        PLINK!       |     v1.07      |   10/Aug/2009     |
|----------------------------------------------------------|
|  (C) 2009 Shaun Purcell, GNU General Public License, v2  |
|----------------------------------------------------------|
|  For documentation, citation & bug-report instructions:  |
|        http://pngu.mgh.harvard.edu/purcell/plink/        |
@----------------------------------------------------------@

Web-based version check ( --noweb to skip )
Connecting to web...  failed connection

Problem connecting to web

Writing this text to log file [ plink.log ]
Analysis started: Tue Sep 12 09:33:29 2017

** Unused command line option: -vcf 
** Unused command line option: /home/eoziolor/fgran/data/varcall/filtered_fgfh.vcf.bgz 
** Unused command line option: -remove 
** Unused command line option: /home/eoziolor/fgran/admixture/plink_remove.txt 
** Unused command line option: --allow-extra-chr 
** Unused command line option: -out 
** Unused command line option: /home/eoziolor/fgran/data/admixture/allscaf/all_scaf 

ERROR: Problem parsing the command line arguments.
